<?xml version="1.0" encoding="UTF-8"?>
<!-- Generated by org.testng.reporters.JUnitXMLReporter -->
<testsuite ignored="0" hostname="DESKTOP-5824EA3" failures="0" tests="5" name="Default test" time="89.67" errors="0" timestamp="2024-04-09T09:20:02 ICT">
  <testcase classname="com.asm2_ktnc.NewTest2" name="openGmail" time="8.324"/>
  <testcase classname="com.asm2_ktnc.NewTest2" name="fillUsername" time="3.347"/>
  <testcase classname="com.asm2_ktnc.NewTest2" name="fillPass" time="3.453"/>
  <testcase classname="com.asm2_ktnc.NewTest2" name="openAP" time="44.131"/>
  <testcase classname="com.asm2_ktnc.NewTest2" name="clickLogin" time="28.436"/>
</testsuite> <!-- Default test -->
