<?xml version="1.0" encoding="UTF-8"?>
<!-- Generated by org.testng.reporters.JUnitXMLReporter -->
<testsuite ignored="0" hostname="DESKTOP-5824EA3" failures="1" tests="5" name="TestOpenWeb" time="61.405" errors="0" timestamp="2024-04-08T22:40:49 ICT">
  <testcase classname="com.asm2_ktnc.NewTest2" name="openGmail" time="11.145"/>
  <testcase classname="com.asm2_ktnc.NewTest2" name="fillUsername" time="3.342"/>
  <testcase classname="com.asm2_ktnc.NewTest2" name="fillPass" time="3.208"/>
  <testcase classname="com.asm2_ktnc.NewTest2" name="openAP" time="34.733"/>
  <testcase classname="com.asm2_ktnc.NewTest2" name="clickLogin" time="7.082">
    <failure type="java.lang.AssertionError">
      <![CDATA[java.lang.AssertionError: 
at com.asm2_ktnc.NewTest2.clickLogin(NewTest2.java:210)
at java.base/java.util.ArrayList.forEach(ArrayList.java:1596)
... Removed 28 stack frames]]>
    </failure>
  </testcase> <!-- clickLogin -->
</testsuite> <!-- TestOpenWeb -->
