<?xml version="1.0" encoding="UTF-8"?>
<testng-results ignored="0" total="4" passed="3" failed="1" skipped="0">
  <reporter-output>
  </reporter-output>
  <suite started-at="2024-04-07T21:06:58 ICT" name="Default suite" finished-at="2024-04-07T21:07:19 ICT" duration-ms="21010">
    <groups>
    </groups>
    <test started-at="2024-04-07T21:06:58 ICT" name="Default test" finished-at="2024-04-07T21:07:19 ICT" duration-ms="21010">
      <class name="com.asm2_ktnc.NewTest">
        <test-method is-config="true" signature="suiteSetup()[pri:0, instance:com.asm2_ktnc.NewTest@22ff4249]" started-at="2024-04-07T21:06:58 ICT" name="suiteSetup" finished-at="2024-04-07T21:07:01 ICT" duration-ms="2550" status="PASS">
          <reporter-output>
          </reporter-output>
        </test-method> <!-- suiteSetup -->
        <test-method signature="openWeb()[pri:1, instance:com.asm2_ktnc.NewTest@22ff4249]" started-at="2024-04-07T21:07:01 ICT" name="openWeb" description="Opens web" finished-at="2024-04-07T21:07:04 ICT" duration-ms="2626" status="FAIL">
          <exception class="java.lang.AssertionError">
            <full-stacktrace>
              <![CDATA[java.lang.AssertionError: 
at org.testng.AssertJUnit.fail(AssertJUnit.java:65)
at org.testng.AssertJUnit.assertTrue(AssertJUnit.java:23)
at org.testng.AssertJUnit.assertTrue(AssertJUnit.java:33)
at com.asm2_ktnc.NewTest.openWeb(NewTest.java:60)
at java.base/jdk.internal.reflect.DirectMethodHandleAccessor.invoke(DirectMethodHandleAccessor.java:103)
at java.base/java.lang.reflect.Method.invoke(Method.java:580)
at org.testng.internal.invokers.MethodInvocationHelper.invokeMethod(MethodInvocationHelper.java:139)
at org.testng.internal.invokers.TestInvoker.invokeMethod(TestInvoker.java:664)
at org.testng.internal.invokers.TestInvoker.invokeTestMethod(TestInvoker.java:228)
at org.testng.internal.invokers.MethodRunner.runInSequence(MethodRunner.java:63)
at org.testng.internal.invokers.TestInvoker$MethodInvocationAgent.invoke(TestInvoker.java:961)
at org.testng.internal.invokers.TestInvoker.invokeTestMethods(TestInvoker.java:201)
at org.testng.internal.invokers.TestMethodWorker.invokeTestMethods(TestMethodWorker.java:148)
at org.testng.internal.invokers.TestMethodWorker.run(TestMethodWorker.java:128)
at java.base/java.util.ArrayList.forEach(ArrayList.java:1596)
at org.testng.TestRunner.privateRun(TestRunner.java:819)
at org.testng.TestRunner.run(TestRunner.java:619)
at org.testng.SuiteRunner.runTest(SuiteRunner.java:443)
at org.testng.SuiteRunner.runSequentially(SuiteRunner.java:437)
at org.testng.SuiteRunner.privateRun(SuiteRunner.java:397)
at org.testng.SuiteRunner.run(SuiteRunner.java:336)
at org.testng.SuiteRunnerWorker.runSuite(SuiteRunnerWorker.java:52)
at org.testng.SuiteRunnerWorker.run(SuiteRunnerWorker.java:95)
at org.testng.TestNG.runSuitesSequentially(TestNG.java:1301)
at org.testng.TestNG.runSuitesLocally(TestNG.java:1228)
at org.testng.TestNG.runSuites(TestNG.java:1134)
at org.testng.TestNG.run(TestNG.java:1101)
at org.testng.remote.AbstractRemoteTestNG.run(AbstractRemoteTestNG.java:115)
at org.testng.remote.RemoteTestNG.initAndRun(RemoteTestNG.java:251)
at org.testng.remote.RemoteTestNG.main(RemoteTestNG.java:77)
]]>
            </full-stacktrace>
          </exception> <!-- java.lang.AssertionError -->
          <reporter-output>
          </reporter-output>
        </test-method> <!-- openWeb -->
        <test-method signature="clickLogin()[pri:2, instance:com.asm2_ktnc.NewTest@22ff4249]" started-at="2024-04-07T21:07:04 ICT" name="clickLogin" description="Click login by mail fpt" finished-at="2024-04-07T21:07:13 ICT" duration-ms="9151" status="PASS">
          <reporter-output>
          </reporter-output>
        </test-method> <!-- clickLogin -->
        <test-method signature="fillUsername()[pri:3, instance:com.asm2_ktnc.NewTest@22ff4249]" started-at="2024-04-07T21:07:13 ICT" name="fillUsername" description="Fill username" finished-at="2024-04-07T21:07:16 ICT" duration-ms="3344" status="PASS">
          <reporter-output>
          </reporter-output>
        </test-method> <!-- fillUsername -->
        <test-method signature="fillPass()[pri:4, instance:com.asm2_ktnc.NewTest@22ff4249]" started-at="2024-04-07T21:07:16 ICT" name="fillPass" description="Fill pass" finished-at="2024-04-07T21:07:19 ICT" duration-ms="3276" status="PASS">
          <reporter-output>
          </reporter-output>
        </test-method> <!-- fillPass -->
        <test-method is-config="true" signature="suiteTearDown()[pri:0, instance:com.asm2_ktnc.NewTest@22ff4249]" started-at="2024-04-07T21:07:19 ICT" name="suiteTearDown" finished-at="2024-04-07T21:07:19 ICT" duration-ms="34" status="PASS">
          <reporter-output>
          </reporter-output>
        </test-method> <!-- suiteTearDown -->
      </class> <!-- com.asm2_ktnc.NewTest -->
    </test> <!-- Default test -->
  </suite> <!-- Default suite -->
</testng-results>
